<?xml version="1.0" encoding="UTF-8"?>
<!-- Generated by org.testng.reporters.JUnitReportReporter -->
<testsuite hostname="DESKTOP-DFEV0VQ" failures="0" tests="4" name="GETTest" time="0.248" errors="0" timestamp="18 Jan 2021 14:03:19 GMT">
  <testcase classname="GETTest" name="TestGETWithNumbersOutrangeOfSalariesAbove" time="0.047"/>
  <testcase classname="GETTest" name="test1" time="0.031"/>
  <testcase classname="GETTest" name="TestGETWithNumbersOutrangeOfSalariesLess" time="0.022"/>
  <testcase classname="GETTest" name="TestGETWithNumbersInrangeOfSalaries" time="0.148"/>
</testsuite>
