<?xml version="1.0" encoding="UTF-8"?>
<!-- Generated by org.testng.reporters.JUnitReportReporter -->
<testsuite hostname="DESKTOP-DFEV0VQ" failures="0" tests="4" name="Tests.GETTest" time="3.487" errors="0" timestamp="20 Jan 2021 13:32:07 GMT">
  <testcase classname="Tests.GETTest" name="TestGETWithNumbersOutrangeOfSalariesAbove" time="0.553"/>
  <testcase classname="Tests.GETTest" name="test1" time="0.588"/>
  <testcase classname="Tests.GETTest" name="TestGETWithNumbersOutrangeOfSalariesAbove" time="1.787"/>
  <testcase classname="Tests.GETTest" name="TestGETWithNumbersOutrangeOfSalariesAbove" time="0.559"/>
</testsuite>
