<?xml version="1.0" encoding="UTF-8"?>
<!-- Generated by org.testng.reporters.JUnitReportReporter -->
<testsuite hostname="DESKTOP-DFEV0VQ" failures="0" tests="4" name="DeleteTest" time="6.144" errors="0" timestamp="19 Jan 2021 13:50:44 GMT">
  <testcase classname="DeleteTest" name="testingDeleteAllEmpty" time="1.432"/>
  <testcase classname="DeleteTest" name="testingDeleteWithdoesntExistID" time="1.572"/>
  <testcase classname="DeleteTest" name="testingDeleteWithID" time="1.630"/>
  <testcase classname="DeleteTest" name="testingDeleteAll" time="1.510"/>
</testsuite>
