<?xml version="1.0" encoding="UTF-8"?>
<!-- Generated by org.testng.reporters.JUnitReportReporter -->
<testsuite hostname="DESKTOP-DFEV0VQ" failures="0" tests="4" name="DeleteTest" time="6.350" errors="0" timestamp="20 Jan 2021 12:11:21 GMT">
  <testcase classname="DeleteTest" name="test" time="1.039"/>
  <testcase classname="DeleteTest" name="test" time="0.573"/>
  <testcase classname="DeleteTest" name="test" time="1.837"/>
  <testcase classname="DeleteTest" name="test" time="2.901"/>
</testsuite>
