<?xml version="1.0" encoding="UTF-8"?>
<!-- Generated by org.testng.reporters.JUnitReportReporter -->
<testsuite hostname="DESKTOP-DFEV0VQ" failures="0" tests="4" name="DeleteTest" time="5.798" errors="0" timestamp="20 Jan 2021 06:55:09 GMT">
  <testcase classname="DeleteTest" name="testingDeleteWithdoesntExistID" time="1.482"/>
  <testcase classname="DeleteTest" name="testingDeleteWithID" time="1.470"/>
  <testcase classname="DeleteTest" name="testingDeleteAll" time="1.362"/>
  <testcase classname="DeleteTest" name="testingDeleteAllEmpty" time="1.484"/>
</testsuite>
