<?xml version="1.0" encoding="UTF-8"?>
<!-- Generated by org.testng.reporters.JUnitReportReporter -->
<testsuite hostname="DESKTOP-DFEV0VQ" failures="0" tests="4" name="DeleteTest" time="0.954" errors="0" timestamp="19 Jan 2021 09:31:21 GMT">
  <testcase classname="DeleteTest" name="testingDeleteAllEmpty" time="0.253"/>
  <testcase classname="DeleteTest" name="testingDeleteWithID" time="0.247"/>
  <testcase classname="DeleteTest" name="testingDeleteWithdoesntExistID" time="0.232"/>
  <testcase classname="DeleteTest" name="testingDeleteAll" time="0.222"/>
</testsuite>
