<?xml version="1.0" encoding="UTF-8"?>
<!-- Generated by org.testng.reporters.JUnitReportReporter -->
<testsuite hostname="DESKTOP-DFEV0VQ" failures="0" tests="4" name="Tests.DeleteTest" time="3.126" errors="0" timestamp="20 Jan 2021 14:01:38 GMT">
  <testcase classname="Tests.DeleteTest" name="test" time="0.316"/>
  <testcase classname="Tests.DeleteTest" name="test" time="0.531"/>
  <testcase classname="Tests.DeleteTest" name="test" time="0.468"/>
  <testcase classname="Tests.DeleteTest" name="test" time="1.811"/>
</testsuite>
