<?xml version="1.0" encoding="UTF-8"?>
<!-- Generated by org.testng.reporters.JUnitReportReporter -->
<testsuite hostname="DESKTOP-DFEV0VQ" failures="0" tests="2" name="GETTest" time="0.098" errors="0" timestamp="18 Jan 2021 13:28:52 GMT">
  <testcase classname="GETTest" name="test2" time="0.029"/>
  <testcase classname="GETTest" name="test1" time="0.069"/>
</testsuite>
