<?xml version="1.0" encoding="UTF-8"?>
<!-- Generated by org.testng.reporters.JUnitReportReporter -->
<testsuite hostname="DESKTOP-DFEV0VQ" failures="0" tests="4" name="Tests.GETTest" time="2.254" errors="0" timestamp="21 Jan 2021 07:56:24 GMT">
  <testcase classname="Tests.GETTest" name="test1" time="0.619"/>
  <testcase classname="Tests.GETTest" name="TestGETWithNumbersOutrangeOfSalariesAbove" time="0.564"/>
  <testcase classname="Tests.GETTest" name="TestGETWithNumbersOutrangeOfSalariesAbove" time="0.547"/>
  <testcase classname="Tests.GETTest" name="TestGETWithNumbersOutrangeOfSalariesAbove" time="0.524"/>
</testsuite>
