<?xml version="1.0" encoding="UTF-8"?>
<!-- Generated by org.testng.reporters.JUnitReportReporter -->
<testsuite hostname="DESKTOP-DFEV0VQ" failures="0" tests="5" name="GETTest" time="4.673" errors="0" timestamp="20 Jan 2021 06:55:09 GMT">
  <testcase classname="GETTest" name="TestGETWithNumbersOutrangeOfSalariesAbove" time="1.055"/>
  <testcase classname="GETTest" name="TestGETWithNumbersOutrangeOfSalariesAbove" time="1.027"/>
  <testcase classname="GETTest" name="TestGETWithNumbersInrangeOfSalaries" time="1.073"/>
  <testcase classname="GETTest" name="TestGETWithNumbersOutrangeOfSalariesAbove" time="0.776"/>
  <testcase classname="GETTest" name="test1" time="0.742"/>
</testsuite>
