<?xml version="1.0" encoding="UTF-8"?>
<!-- Generated by org.testng.reporters.JUnitReportReporter -->
<testsuite hostname="DESKTOP-DFEV0VQ" failures="0" tests="4" name="DeleteTest" time="1.034" errors="0" timestamp="19 Jan 2021 08:23:23 GMT">
  <testcase classname="DeleteTest" name="testingDeleteAllEmpty" time="0.273"/>
  <testcase classname="DeleteTest" name="testingDeleteWithID" time="0.261"/>
  <testcase classname="DeleteTest" name="testingDeleteWithdoesntExistID" time="0.235"/>
  <testcase classname="DeleteTest" name="testingDeleteAll" time="0.265"/>
</testsuite>
