<?xml version="1.0" encoding="UTF-8"?>
<!-- Generated by org.testng.reporters.JUnitReportReporter -->
<testsuite hostname="DESKTOP-DFEV0VQ" failures="0" tests="4" name="GETTest" time="0.717" errors="0" timestamp="19 Jan 2021 09:27:01 GMT">
  <testcase classname="GETTest" name="TestGETWithNumbersOutrangeOfSalariesLess" time="0.147"/>
  <testcase classname="GETTest" name="TestGETWithNumbersOutrangeOfSalariesAbove" time="0.160"/>
  <testcase classname="GETTest" name="TestGETWithNumbersInrangeOfSalaries" time="0.210"/>
  <testcase classname="GETTest" name="test1" time="0.200"/>
</testsuite>
