<?xml version="1.0" encoding="UTF-8"?>
<!-- Generated by org.testng.reporters.JUnitReportReporter -->
<testsuite hostname="DESKTOP-DFEV0VQ" failures="0" tests="4" name="Tests.DeleteTest" time="4.692" errors="0" timestamp="20 Jan 2021 13:32:07 GMT">
  <testcase classname="Tests.DeleteTest" name="test" time="0.918"/>
  <testcase classname="Tests.DeleteTest" name="test" time="1.930"/>
  <testcase classname="Tests.DeleteTest" name="test" time="0.882"/>
  <testcase classname="Tests.DeleteTest" name="test" time="0.962"/>
</testsuite>
