<?xml version="1.0" encoding="UTF-8"?>
<!-- Generated by org.testng.reporters.JUnitReportReporter -->
<testsuite hostname="DESKTOP-DFEV0VQ" failures="0" tests="4" name="Tests.DeleteTest" time="4.091" errors="0" timestamp="20 Jan 2021 12:19:31 GMT">
  <testcase classname="Tests.DeleteTest" name="test" time="0.885"/>
  <testcase classname="Tests.DeleteTest" name="test" time="1.173"/>
  <testcase classname="Tests.DeleteTest" name="test" time="0.899"/>
  <testcase classname="Tests.DeleteTest" name="test" time="1.134"/>
</testsuite>
