<?xml version="1.0" encoding="UTF-8"?>
<!-- Generated by org.testng.reporters.JUnitReportReporter -->
<testsuite hostname="DESKTOP-DFEV0VQ" failures="0" tests="4" name="TestClasses.GETTest" time="2.490" errors="0" timestamp="21 Jan 2021 08:00:27 GMT">
  <testcase classname="TestClasses.GETTest" name="getTest" time="0.816"/>
  <testcase classname="TestClasses.GETTest" name="TestGETWithNumbersOutrangeOfSalariesAbove" time="0.537"/>
  <testcase classname="TestClasses.GETTest" name="TestGETWithNumbersOutrangeOfSalariesAbove" time="0.554"/>
  <testcase classname="TestClasses.GETTest" name="TestGETWithNumbersOutrangeOfSalariesAbove" time="0.583"/>
</testsuite>
