<?xml version="1.0" encoding="UTF-8"?>
<!-- Generated by org.testng.reporters.JUnitReportReporter -->
<testsuite hostname="DESKTOP-DFEV0VQ" failures="0" tests="4" name="Tests.GETTest" time="1.680" errors="0" timestamp="20 Jan 2021 14:01:38 GMT">
  <testcase classname="Tests.GETTest" name="TestGETWithNumbersOutrangeOfSalariesAbove" time="0.316"/>
  <testcase classname="Tests.GETTest" name="test1" time="0.611"/>
  <testcase classname="Tests.GETTest" name="TestGETWithNumbersOutrangeOfSalariesAbove" time="0.397"/>
  <testcase classname="Tests.GETTest" name="TestGETWithNumbersOutrangeOfSalariesAbove" time="0.356"/>
</testsuite>
