<?xml version="1.0" encoding="UTF-8"?>
<!-- Generated by org.testng.reporters.JUnitReportReporter -->
<testsuite hostname="DESKTOP-DFEV0VQ" failures="0" tests="4" name="Tests.GETTest" time="2.687" errors="0" timestamp="20 Jan 2021 12:19:31 GMT">
  <testcase classname="Tests.GETTest" name="TestGETWithNumbersOutrangeOfSalariesAbove" time="0.454"/>
  <testcase classname="Tests.GETTest" name="test1" time="0.403"/>
  <testcase classname="Tests.GETTest" name="TestGETWithNumbersOutrangeOfSalariesAbove" time="1.398"/>
  <testcase classname="Tests.GETTest" name="TestGETWithNumbersOutrangeOfSalariesAbove" time="0.432"/>
</testsuite>
