<?xml version="1.0" encoding="UTF-8"?>
<!-- Generated by org.testng.reporters.JUnitReportReporter -->
<testsuite hostname="DESKTOP-DFEV0VQ" failures="0" tests="4" name="DeleteTest" time="1.010" errors="0" timestamp="19 Jan 2021 09:27:01 GMT">
  <testcase classname="DeleteTest" name="testingDeleteAllEmpty" time="0.217"/>
  <testcase classname="DeleteTest" name="testingDeleteWithID" time="0.271"/>
  <testcase classname="DeleteTest" name="testingDeleteWithdoesntExistID" time="0.268"/>
  <testcase classname="DeleteTest" name="testingDeleteAll" time="0.254"/>
</testsuite>
