<?xml version="1.0" encoding="UTF-8"?>
<!-- Generated by org.testng.reporters.JUnitReportReporter -->
<testsuite hostname="DESKTOP-DFEV0VQ" failures="0" tests="4" name="GETTest" time="1.705" errors="0" timestamp="19 Jan 2021 09:31:21 GMT">
  <testcase classname="GETTest" name="TestGETWithNumbersOutrangeOfSalariesLess" time="0.169"/>
  <testcase classname="GETTest" name="TestGETWithNumbersOutrangeOfSalariesAbove" time="0.205"/>
  <testcase classname="GETTest" name="TestGETWithNumbersInrangeOfSalaries" time="1.168"/>
  <testcase classname="GETTest" name="test1" time="0.163"/>
</testsuite>
