<?xml version="1.0" encoding="UTF-8"?>
<!-- Generated by org.testng.reporters.JUnitReportReporter -->
<testsuite hostname="DESKTOP-DFEV0VQ" failures="0" tests="1" name="class1" time="0.005" errors="0" timestamp="18 Jan 2021 09:14:16 GMT">
  <testcase classname="class1" name="test1" time="0.005"/>
</testsuite>
