<?xml version="1.0" encoding="UTF-8"?>
<!-- Generated by org.testng.reporters.JUnitReportReporter -->
<testsuite hostname="DESKTOP-DFEV0VQ" failures="0" tests="4" name="Tests.DeleteTest" time="6.604" errors="0" timestamp="21 Jan 2021 07:56:24 GMT">
  <testcase classname="Tests.DeleteTest" name="test" time="2.221"/>
  <testcase classname="Tests.DeleteTest" name="test" time="2.209"/>
  <testcase classname="Tests.DeleteTest" name="test" time="1.032"/>
  <testcase classname="Tests.DeleteTest" name="test" time="1.142"/>
</testsuite>
