<?xml version="1.0" encoding="UTF-8"?>
<!-- Generated by org.testng.reporters.JUnitReportReporter -->
<testsuite hostname="DESKTOP-DFEV0VQ" failures="0" tests="5" name="GETTest" time="5.987" errors="0" timestamp="19 Jan 2021 13:50:44 GMT">
  <testcase classname="GETTest" name="TestGETWithNumbersInrangeOfSalaries" time="2.009"/>
  <testcase classname="GETTest" name="TestGETWithNumbersOutrangeOfSalariesAbove" time="0.919"/>
  <testcase classname="GETTest" name="test1" time="1.101"/>
  <testcase classname="GETTest" name="TestGETWithNumbersOutrangeOfSalariesAbove" time="1.074"/>
  <testcase classname="GETTest" name="TestGETWithNumbersOutrangeOfSalariesAbove" time="0.884"/>
</testsuite>
