<?xml version="1.0" encoding="UTF-8"?>
<!-- Generated by org.testng.reporters.JUnitReportReporter -->
<testsuite hostname="DESKTOP-DFEV0VQ" failures="0" tests="4" name="TestClasses.DeleteTest" time="4.628" errors="0" timestamp="21 Jan 2021 08:00:27 GMT">
  <testcase classname="TestClasses.DeleteTest" name="deleteTest" time="1.184"/>
  <testcase classname="TestClasses.DeleteTest" name="deleteTest" time="1.149"/>
  <testcase classname="TestClasses.DeleteTest" name="deleteTest" time="1.040"/>
  <testcase classname="TestClasses.DeleteTest" name="deleteTest" time="1.255"/>
</testsuite>
